<?xml version="1.0" encoding="UTF-8"?>
<testng-results ignored="0" total="3" passed="3" failed="0" skipped="0">
  <reporter-output>
  </reporter-output>
  <suite started-at="2021-05-11T15:07:37 IST" name="Suite" finished-at="2021-05-11T15:07:47 IST" duration-ms="10005">
    <groups>
      <group name="cucumber">
        <method signature="AbstractTestNGCucumberTests.runScenario(io.cucumber.testng.PickleWrapper, io.cucumber.testng.FeatureWrapper)[pri:0, instance:com.test.runner.CucumberRunnerClass@657c8ad9]" name="runScenario" class="io.cucumber.testng.AbstractTestNGCucumberTests"/>
      </group> <!-- cucumber -->
    </groups>
    <test started-at="2021-05-11T15:07:37 IST" name="Complete test run" finished-at="2021-05-11T15:07:47 IST" duration-ms="10005">
      <class name="com.test.runner.CucumberRunnerClass">
        <test-method is-config="true" signature="setUpClass()[pri:0, instance:com.test.runner.CucumberRunnerClass@657c8ad9]" started-at="2021-05-11T15:07:38 IST" name="setUpClass" finished-at="2021-05-11T15:07:38 IST" duration-ms="621" status="PASS">
          <reporter-output>
          </reporter-output>
        </test-method> <!-- setUpClass -->
        <test-method signature="runScenario(io.cucumber.testng.PickleWrapper, io.cucumber.testng.FeatureWrapper)[pri:0, instance:com.test.runner.CucumberRunnerClass@657c8ad9]" started-at="2021-05-11T15:07:38 IST" name="runScenario" description="Runs Cucumber Scenarios" data-provider="scenarios" finished-at="2021-05-11T15:07:45 IST" duration-ms="7203" status="PASS">
          <params>
            <param index="0">
              <value>
                <![CDATA["TC_01"]]>
              </value>
            </param>
            <param index="1">
              <value>
                <![CDATA["Optional[FrameworkNew]"]]>
              </value>
            </param>
          </params>
          <reporter-output>
          </reporter-output>
        </test-method> <!-- runScenario -->
        <test-method signature="runScenario(io.cucumber.testng.PickleWrapper, io.cucumber.testng.FeatureWrapper)[pri:0, instance:com.test.runner.CucumberRunnerClass@657c8ad9]" started-at="2021-05-11T15:07:38 IST" name="runScenario" description="Runs Cucumber Scenarios" data-provider="scenarios" finished-at="2021-05-11T15:07:47 IST" duration-ms="8461" status="PASS">
          <params>
            <param index="0">
              <value>
                <![CDATA["TC_01-iteration-3"]]>
              </value>
            </param>
            <param index="1">
              <value>
                <![CDATA["Optional[FrameworkNew]"]]>
              </value>
            </param>
          </params>
          <reporter-output>
          </reporter-output>
        </test-method> <!-- runScenario -->
        <test-method signature="runScenario(io.cucumber.testng.PickleWrapper, io.cucumber.testng.FeatureWrapper)[pri:0, instance:com.test.runner.CucumberRunnerClass@657c8ad9]" started-at="2021-05-11T15:07:38 IST" name="runScenario" description="Runs Cucumber Scenarios" data-provider="scenarios" finished-at="2021-05-11T15:07:47 IST" duration-ms="8777" status="PASS">
          <params>
            <param index="0">
              <value>
                <![CDATA["TC_01-iteration-2"]]>
              </value>
            </param>
            <param index="1">
              <value>
                <![CDATA["Optional[FrameworkNew]"]]>
              </value>
            </param>
          </params>
          <reporter-output>
          </reporter-output>
        </test-method> <!-- runScenario -->
        <test-method is-config="true" signature="tearDownClass()[pri:0, instance:com.test.runner.CucumberRunnerClass@657c8ad9]" started-at="2021-05-11T15:07:47 IST" name="tearDownClass" finished-at="2021-05-11T15:07:47 IST" duration-ms="566" status="PASS">
          <reporter-output>
          </reporter-output>
        </test-method> <!-- tearDownClass -->
      </class> <!-- com.test.runner.CucumberRunnerClass -->
    </test> <!-- Complete test run -->
  </suite> <!-- Suite -->
</testng-results>
